<?xml version="1.0" encoding="UTF-8"?>
<testng-results ignored="0" total="1" passed="1" failed="0" skipped="0">
  <reporter-output>
  </reporter-output>
  <suite started-at="2022-01-26T23:39:36 IST" name="Default suite" finished-at="2022-01-26T23:39:36 IST" duration-ms="127">
    <groups>
    </groups>
    <test started-at="2022-01-26T23:39:36 IST" name="Default test" finished-at="2022-01-26T23:39:36 IST" duration-ms="127">
      <class name="Demogit.DemogitTest">
        <test-method signature="Demo()[pri:0, instance:Demogit.DemogitTest@2f177a4b]" started-at="2022-01-26T23:39:36 IST" name="Demo" finished-at="2022-01-26T23:39:36 IST" duration-ms="26" status="PASS">
          <reporter-output>
          </reporter-output>
        </test-method> <!-- Demo -->
      </class> <!-- Demogit.DemogitTest -->
    </test> <!-- Default test -->
  </suite> <!-- Default suite -->
</testng-results>
